<?xml version="1.0" encoding="UTF-8"?>
<!-- Generated by org.testng.reporters.JUnitReportReporter -->
<testsuite hostname="WIN-9CSDHDN9FSR" name="com.Tests.GoogleTest" tests="6" failures="0" timestamp="13 Jul 2019 19:20:47 GMT" time="61.516" errors="0">
  <testcase name="MailLinkTest" time="9.169" classname="com.Tests.GoogleTest"/>
  <testcase name="Test3" time="17.780" classname="com.Tests.GoogleTest"/>
  <testcase name="googleLogoTest" time="8.760" classname="com.Tests.GoogleTest"/>
  <testcase name="Test2" time="8.631" classname="com.Tests.GoogleTest"/>
  <testcase name="googleTest" time="8.303" classname="com.Tests.GoogleTest"/>
  <testcase name="Test1" time="8.873" classname="com.Tests.GoogleTest"/>
</testsuite> <!-- com.Tests.GoogleTest -->
