<?xml version="1.0" encoding="UTF-8"?>
<!-- Generated by org.testng.reporters.JUnitReportReporter -->
<testsuite hostname="WIN-9CSDHDN9FSR" name="TestNG_Basic" tests="3" failures="0" timestamp="4 Jul 2019 20:27:09 GMT" time="0.015" errors="0">
  <testcase name="googleTitleTest" time="0.003" classname="TestNG_Basic"/>
  <testcase name="googlTitleTest" time="0.007" classname="TestNG_Basic"/>
  <testcase name="searchTest" time="0.005" classname="TestNG_Basic"/>
</testsuite> <!-- TestNG_Basic -->
