<?xml version="1.0" encoding="UTF-8"?>
<!-- Generated by org.testng.reporters.JUnitReportReporter -->
<testsuite skipped="0" hostname="ProSmart-PC" name="salesinformation" tests="1" failures="0" timestamp="27 Apr 2019 17:06:02 GMT" time="15.412" errors="0">
  <testcase name="salesinfor" time="15.412" classname="salesinformation"/>
</testsuite> <!-- salesinformation -->
