<?xml version="1.0" encoding="UTF-8"?>
<!-- Generated by org.testng.reporters.JUnitReportReporter -->
<testsuite hostname="WIN-9CSDHDN9FSR" name="TestNGFeatures" tests="2" failures="0" timestamp="13 Jul 2019 00:51:20 GMT" time="0.023" errors="0">
  <testcase name="loginTest" time="0.001" classname="TestNGFeatures"/>
  <testcase name="HomePage" time="0.022" classname="TestNGFeatures"/>
</testsuite> <!-- TestNGFeatures -->
