<?xml version="1.0" encoding="UTF-8"?>
<!-- Generated by org.testng.reporters.JUnitReportReporter -->
<testsuite hostname="WIN-9CSDHDN9FSR" name="com.Tests.ExceptionTimeOutTest" tests="1" failures="0" timestamp="13 Jul 2019 19:20:47 GMT" time="0.004" errors="0">
  <testcase name="Test1" time="0.004" classname="com.Tests.ExceptionTimeOutTest"/>
</testsuite> <!-- com.Tests.ExceptionTimeOutTest -->
