<?xml version="1.0" encoding="UTF-8"?>
<!-- Generated by org.testng.reporters.JUnitReportReporter -->
<testsuite hostname="WIN-9CSDHDN9FSR" name="UniqloTest" tests="2" failures="0" timestamp="12 Jul 2019 23:25:45 GMT" time="231.627" errors="0">
  <testcase name="searchTest" time="85.618" classname="UniqloTest"/>
  <testcase name="LogoTest" time="146.009" classname="UniqloTest"/>
</testsuite> <!-- UniqloTest -->
