<?xml version="1.0" encoding="UTF-8"?>
<!-- Generated by org.testng.reporters.JUnitReportReporter -->
<testsuite hostname="WIN-9CSDHDN9FSR" name="com.Tests.inovocationCount" tests="10" failures="0" timestamp="13 Jul 2019 19:20:47 GMT" time="0.015" errors="0">
  <testcase name="sum" time="0.001" classname="com.Tests.inovocationCount"/>
  <testcase name="sum" time="0.001" classname="com.Tests.inovocationCount"/>
  <testcase name="sum" time="0.001" classname="com.Tests.inovocationCount"/>
  <testcase name="sum" time="0.001" classname="com.Tests.inovocationCount"/>
  <testcase name="sum" time="0.004" classname="com.Tests.inovocationCount"/>
  <testcase name="sum" time="0.001" classname="com.Tests.inovocationCount"/>
  <testcase name="sum" time="0.003" classname="com.Tests.inovocationCount"/>
  <testcase name="sum" time="0.001" classname="com.Tests.inovocationCount"/>
  <testcase name="sum" time="0.001" classname="com.Tests.inovocationCount"/>
  <testcase name="sum" time="0.001" classname="com.Tests.inovocationCount"/>
</testsuite> <!-- com.Tests.inovocationCount -->
