<?xml version="1.0" encoding="UTF-8"?>
<!-- Generated by org.testng.reporters.JUnitReportReporter -->
<testsuite hostname="WIN-9CSDHDN9FSR" name="com.Tests.TestNG_Basic" tests="3" failures="0" timestamp="13 Jul 2019 19:20:47 GMT" time="0.007" errors="0">
  <testcase name="googlTitleTest" time="0.004" classname="com.Tests.TestNG_Basic"/>
  <testcase name="searchTest" time="0.002" classname="com.Tests.TestNG_Basic"/>
  <testcase name="googleTitleTest" time="0.001" classname="com.Tests.TestNG_Basic"/>
</testsuite> <!-- com.Tests.TestNG_Basic -->
